[09:46:47] [main/INFO]: Environment: authHost='https://authserver.mojang.com', accountsHost='https://api.mojang.com', sessionHost='https://sessionserver.mojang.com', servicesHost='https://api.minecraftservices.com', name='PROD'
[09:46:47] [main/INFO]: Reloading ResourceManager: Default, drehmalloot, bukkit, discoveries_datapack.zip, weapons_datapack.zip, mob_scaling.zip, primordial_datapack.zip, towns_datapack.zip, drehmal_general.zip, weapon_abilities.zip, drehmal_bosses.zip, BookFixer.zip
[09:46:48] [Worker-Main-5/INFO]: Loaded 7 recipes
[09:46:48] [Worker-Main-5/ERROR]: Parsing error loading custom advancement minecraft:end/levitate: Unknown required criterion 'levitated'
[09:46:49] [Server thread/INFO]: Starting minecraft server version 1.16.5
[09:46:49] [Server thread/INFO]: Loading properties
[09:46:49] [Server thread/INFO]: This server is running Paper version git-Paper-786 (MC: 1.16.5) (Implementing API version 1.16.5-R0.1-SNAPSHOT)
[09:46:49] [Server thread/INFO]: Debug logging is disabled
[09:46:49] [Server thread/INFO]: Using 4 threads for Netty based IO
[09:46:49] [Server thread/INFO]: Server Ping Player Sample Count: 12
[09:46:49] [Server thread/INFO]: Default game type: SURVIVAL
[09:46:49] [Server thread/INFO]: Generating keypair
[09:46:49] [Server thread/INFO]: Starting Minecraft server on *:25565
[09:46:49] [Server thread/INFO]: Using default channel type
[09:46:50] [Server thread/WARN]: Initializing Legacy Material Support. Unless you have legacy plugins and/or data this is a bug!
[09:46:54] [Server thread/WARN]: Legacy plugin SimpleTpa v5.5 does not specify an api-version.
[09:46:54] [Server thread/INFO]: [SKLibrary] Loading 1 libraries... please wait
[09:46:54] [Server thread/INFO]: [SKLibrary] Loaded library D:\Panaland\libraries\org\postgresql\postgresql\42.2.22\postgresql-42.2.22.jar
[09:46:54] [Server thread/INFO]: [SKLibrary] Loaded library D:\Panaland\libraries\org\checkerframework\checker-qual\3.5.0\checker-qual-3.5.0.jar
[09:46:54] [Server thread/WARN]: Legacy plugin LoginSecurity v3.1 does not specify an api-version.
[09:46:54] [Server thread/INFO]: [SimpleTpa] Loading SimpleTpa v5.5
[09:46:54] [Server thread/INFO]: [SpigotPing] Loading SpigotPing v2.6
[09:46:54] [Server thread/INFO]: [SkinsRestorer] Loading SkinsRestorer v14.1.5
[09:46:54] [Server thread/INFO]: [Minepacks] Loading Minepacks v2.4.2-Release
[09:46:54] [Server thread/INFO]: [Minepacks] PCGF-PluginLib not installed. Switching to standalone mode!
[09:46:54] [Server thread/INFO]: [SKLibrary] Loading SKLibrary v1.13.8
[09:46:54] [Server thread/INFO]: [ClearLag] Loading ClearLag v3.2.2
[09:46:54] [Server thread/INFO]: [ViaVersion] Loading ViaVersion v4.0.1
[09:46:54] [Server thread/INFO]: [ViaVersion] ViaVersion 4.0.1 is now loaded, injecting!
[09:46:54] [Via-Mappingloader-0/INFO]: [ViaVersion] Loading 1.12 -> 1.13 mappings...
[09:46:54] [Via-Mappingloader-1/INFO]: [ViaVersion] Loading 1.13 -> 1.13.2 mappings...
[09:46:54] [Via-Mappingloader-2/INFO]: [ViaVersion] Loading 1.13.2 -> 1.14 mappings...
[09:46:54] [Via-Mappingloader-3/INFO]: [ViaVersion] Loading 1.14 -> 1.15 mappings...
[09:46:54] [Via-Mappingloader-4/INFO]: [ViaVersion] Loading 1.15 -> 1.16 mappings...
[09:46:54] [Via-Mappingloader-5/INFO]: [ViaVersion] Loading 1.16 -> 1.16.2 mappings...
[09:46:54] [Via-Mappingloader-6/INFO]: [ViaVersion] Loading 1.16.2 -> 1.17 mappings...
[09:46:54] [Server thread/INFO]: [UltimateHomes] Loading UltimateHomes v2.3
[09:46:54] [Server thread/INFO]: [ReviveMe] Loading ReviveMe v0.3.6
[09:46:54] [Server thread/INFO]: [ProtocolLib] Loading ProtocolLib v4.7.0
[09:46:55] [Via-Mappingloader-0/INFO]: [ViaVersion] Loading block connection mappings ...
[09:46:55] [Server thread/INFO]: [LuckPerms] Loading LuckPerms v5.3.47
[09:46:56] [Server thread/INFO]: [LevelledMobs] Loading LevelledMobs v3.1.7 b508
[09:46:56] [Server thread/INFO]: LevelledMobs: ~ Initiating start-up procedure ~
[09:46:56] [Server thread/INFO]: [LoginSecurity] Loading LoginSecurity v3.1
[09:46:56] [Server thread/INFO]: [Vault] Loading Vault v1.7.3-b131
[09:46:56] [Server thread/INFO]: [AureliumSkills] Loading AureliumSkills vBeta 1.2.3
[09:46:56] [Server thread/INFO]: [PEconomy] Loading PEconomy v2.4.0
[09:46:56] [Server thread/INFO]: [CrazyAuctions] Loading CrazyAuctions v1.2.16-RELEASE
[09:46:56] [Server thread/INFO]: [TimeIsMoney] Loading TimeIsMoney v1.9.6.20
[09:46:56] [Server thread/INFO]: [SKLibrary] Enabling SKLibrary v1.13.8
[09:46:56] [Server thread/INFO]: [ProtocolLib] Enabling ProtocolLib v4.7.0
[09:46:56] [Server thread/INFO]: [ProtocolLib] Started structure compiler thread.
[09:46:56] [Server thread/INFO]: [LuckPerms] Enabling LuckPerms v5.3.47
[09:46:56] [Server thread/INFO]:         __    
[09:46:56] [Server thread/INFO]:   |    |__)   LuckPerms v5.3.47
[09:46:56] [Server thread/INFO]:   |___ |      Running on Bukkit - Paper
[09:46:56] [Server thread/INFO]: 
[09:46:56] [Server thread/INFO]: [LuckPerms] Loading configuration...
[09:46:56] [Server thread/INFO]: [LuckPerms] Loading storage provider... [H2]
[09:46:57] [Server thread/INFO]: [LuckPerms] Loading internal permission managers...
[09:46:57] [Server thread/INFO]: [LuckPerms] Performing initial data load...
[09:46:57] [Server thread/INFO]: [LuckPerms] Successfully enabled. (took 1157ms)
[09:46:57] [Server thread/INFO]: [Vault] Enabling Vault v1.7.3-b131
[09:46:57] [Server thread/INFO]: [Vault] [Permission] SuperPermissions loaded as backup permission system.
[09:46:57] [Server thread/INFO]: [Vault] Enabled Version 1.7.3-b131
[09:46:57] [Server thread/INFO]: [LuckPerms] Registered Vault permission & chat hook.
[09:46:57] [Server thread/WARN]: **** SERVER IS RUNNING IN OFFLINE/INSECURE MODE!
[09:46:57] [Server thread/WARN]: The server will make no attempt to authenticate usernames. Beware.
[09:46:57] [Server thread/WARN]: While this makes the game possible to play without internet access, it also opens up the ability for hackers to connect with any username they choose.
[09:46:57] [Server thread/WARN]: To change this, set "online-mode" to "true" in the server.properties file.
[09:46:57] [Server thread/INFO]: Preparing level "world"
[09:46:58] [Server thread/INFO]: Preparing start region for dimension minecraft:overworld
[09:46:58] [Server thread/INFO]: Preparing spawn area: 0%
[09:46:58] [Server thread/INFO]: Time elapsed: 439 ms
[09:46:58] [Server thread/INFO]: Preparing start region for dimension minecraft:the_nether
[09:46:58] [Server thread/INFO]: Time elapsed: 79 ms
[09:46:58] [Server thread/INFO]: Preparing start region for dimension minecraft:the_end
[09:46:59] [Server thread/INFO]: Time elapsed: 191 ms
[09:46:59] [Server thread/INFO]: [SimpleTpa] Enabling SimpleTpa v5.5*
[09:46:59] [Server thread/INFO]: [SimpleTpa] If you need support contact me at https://discord.gg/SZUkza9
[09:46:59] [Server thread/INFO]: [SimpleTpa] Simple Tpa has been enabled on version 5.5
[09:46:59] [Server thread/INFO]: Enabled metrics. You may opt-out by changing plugins/bStats/config.yml
[09:46:59] [Server thread/INFO]: [SpigotPing] Enabling SpigotPing v2.6
[09:46:59] [Server thread/INFO]: [SpigotPing] TabList is enabled, task added with a delay of 25 second/s.
[09:46:59] [Server thread/INFO]: [SkinsRestorer] Enabling SkinsRestorer v14.1.5
[09:46:59] [Server thread/INFO]: [SkinsRestorer] Unsupported plugin (ViaVersion or ProtocolSupport) detected, forcing SpigotSkinRefresher
[09:46:59] [Server thread/INFO]: [SkinsRestorer] Using SpigotSkinRefresher
[09:46:59] [Server thread/INFO]: [SkinsRestorer] Detected Minecraft v1_16_R3, using SpigotSkinRefresher.
[09:46:59] [Server thread/WARN]: [SkinsRestorer] Loaded class com.viaversion.viaversion.api.Via from ViaVersion v4.0.1 which is not a depend, softdepend or loadbefore of this plugin.
[09:46:59] [Server thread/INFO]: [SkinsRestorer] [ACF] Enabled Asynchronous Tab Completion Support!
[09:47:02] [Server thread/INFO]: [Minepacks] Enabling Minepacks v2.4.2-Release
[09:47:02] [Server thread/INFO]: [Minepacks] Starting Minepacks in standalone mode!
[09:47:02] [Server thread/INFO]: [Minepacks] [32mConfig file successfully loaded.[0m
[09:47:02] [Server thread/INFO]: [Minepacks] [32mLanguage file successfully loaded. Language: es_es  Author: ThatOverPowered[0m
[09:47:02] [Server thread/INFO]: [at.pcgamingfreaks.MinepacksStandalone.libs.com.zaxxer.hikari.HikariDataSource] Minepacks-Connection-Pool - Starting...
[09:47:02] [Server thread/INFO]: [at.pcgamingfreaks.MinepacksStandalone.libs.com.zaxxer.hikari.HikariDataSource] Minepacks-Connection-Pool - Start completed.
[09:47:03] [Server thread/INFO]: [Minepacks] No translation for key: Commands.Description.Sort
[09:47:03] [Server thread/INFO]: [Minepacks] No translation for key: Ingame.Sort.Sorted
[09:47:03] [Server thread/INFO]: [Minepacks] No translation for key: Ingame.Clean.BackpackCleanedBy
[09:47:03] [Server thread/INFO]: [Minepacks] No translation for key: Ingame.Clean.BackpackCleanedOther
[09:47:03] [Server thread/INFO]: [Minepacks] No translation for key: Ingame.InventoryClear.UnknownPlayer
[09:47:03] [Server thread/INFO]: [Minepacks] No translation for key: Ingame.InventoryClear.Cleared
[09:47:03] [Server thread/INFO]: [Minepacks] No translation for key: Ingame.InventoryClear.ClearedOther
[09:47:03] [Server thread/INFO]: [Minepacks] No translation for key: Ingame.InventoryClear.ClearedOtherTarget
[09:47:03] [Server thread/INFO]: [Minepacks] [32mItem name language file successfully loaded. Language: english  Author: GeorgH93[0m
[09:47:03] [Server thread/INFO]: [Minepacks] Loading item translations ...
[09:47:03] [Server thread/INFO]: [Minepacks] Finished loading item translations for 829 items.
[09:47:03] [Server thread/INFO]: [Minepacks] [32m Minepacks has been enabled! [33m :) [0m
[09:47:03] [Server thread/INFO]: [ClearLag] Enabling ClearLag v3.2.2
[09:47:03] [Server thread/INFO]: [ClearLag] Using version-adapter: LatestVersionAdapter
[09:47:03] [Server thread/INFO]: [ClearLag] Loading modules...
[09:47:03] [Server thread/INFO]: [ClearLag] Modules enabed, loading config values
[09:47:03] [Server thread/INFO]: [ClearLag] Modules have been loaded!
[09:47:03] [Server thread/INFO]: [ClearLag] Clearlag is now enabled!
[09:47:03] [Thread-17/INFO]: [ClearLag] Checking for updates compatible with your bukkit version [1.16]...
[09:47:03] [Server thread/INFO]: [ViaVersion] Enabling ViaVersion v4.0.1
[09:47:03] [Server thread/INFO]: [UltimateHomes] Enabling UltimateHomes v2.3
[09:47:03] [Server thread/INFO]: 
[09:47:03] [Server thread/INFO]: --------------------------------------
[09:47:03] [Server thread/INFO]:        UltimateHomes by kixmc
[09:47:03] [Server thread/INFO]:        Enabled on version 2.3
[09:47:03] [Server thread/INFO]: --------------------------------------
[09:47:03] [Server thread/INFO]:  
[09:47:03] [Server thread/INFO]: [ReviveMe] Enabling ReviveMe v0.3.6
[09:47:03] [Server thread/INFO]: ReviveMe enable
[09:47:03] [Server thread/INFO]: [LevelledMobs] Enabling LevelledMobs v3.1.7 b508
[09:47:03] [Server thread/INFO]: LevelledMobs: Compatibility Checker: Checking compatibility with your server...
[09:47:03] [Server thread/INFO]: LevelledMobs: Compatibility Checker: No incompatibilities found.
[09:47:03] [Server thread/INFO]: LevelledMobs: File Loader: Loading files...
[09:47:03] [Server thread/INFO]: LevelledMobs: File Loader: Loading file 'rules.yml'...
[09:47:03] [Server thread/INFO]: LevelledMobs: File Loader: Loading file 'settings.yml'...
[09:47:03] [Thread-17/INFO]: [ClearLag] No updates found!
[09:47:03] [Server thread/INFO]: LevelledMobs: File Loader: (Migration) settings.yml backed up to settings.yml.v31.old
[09:47:03] [Server thread/INFO]: LevelledMobs: File Loader: (Migration) Migrating settings.yml from old version to new version.
[09:47:03] [Server thread/INFO]: LevelledMobs: File Loader: (Migration) Migrated settings.yml successfully.
[09:47:03] [Server thread/INFO]: LevelledMobs: File Loader: (Migration) Keys matched: 17, values matched: 16, values updated: 0.
[09:47:03] [Server thread/INFO]: LevelledMobs: File Loader: Loading file 'messages.yml'...
[09:47:03] [Server thread/INFO]: LevelledMobs: File Loader: Loading file 'customdrops.yml'...
[09:47:03] [Server thread/INFO]: LevelledMobs: Listeners: Registering event listeners...
[09:47:03] [Server thread/INFO]: LevelledMobs: Commands: Registering commands...
[09:47:03] [Server thread/INFO]: LevelledMobs: Start-up: Running misc procedures...
[09:47:03] [Server thread/INFO]: LevelledMobs: Tasks: Starting async nametag auto update task...
[09:47:03] [Server thread/INFO]: LevelledMobs: ~ Start-up complete, took 164ms ~
[09:47:03] [Server thread/INFO]: [LoginSecurity] Enabling LoginSecurity v3.1*
[09:47:03] [Server thread/INFO]: [LoginSecurity] Loading base translations from "en_us"
[09:47:03] [Server thread/INFO]: [LoginSecurity] Loading specified translations from "en_us"
[09:47:03] [Server thread/INFO]: [LoginSecurity] Registering commands...
[09:47:03] [Server thread/INFO]: [LoginSecurity] Registering listeners...
[09:47:03] [Server thread/INFO]: [LoginSecurity] Using 1.12+ map captcha renderer
[09:47:03] [Server thread/INFO]: [AureliumSkills] Enabling AureliumSkills vBeta 1.2.3
[09:47:03] [Server thread/INFO]: [AureliumSkills] Loaded 177 config options in 0 ms
[09:47:03] [Server thread/INFO]: [AureliumSkills] Loaded 284 sources and 10 tags in 14ms
[09:47:03] [Server thread/INFO]: [AureliumSkills] [ACF] Enabled Asynchronous Tab Completion Support!
[09:47:03] [Server thread/INFO]: [AureliumSkills] Loading languages...
[09:47:04] [Server thread/INFO]: [AureliumSkills] messages_fr.yml was updated to a new file version, 1 new keys were added.
[09:47:04] [Server thread/WARN]: [AureliumSkills] messages_pl.yml was changed: The speed mine description message was reset to default for the haste_level option
[09:47:04] [Server thread/INFO]: [AureliumSkills] messages_pl.yml was updated to a new file version, 4 new keys were added.
[09:47:04] [Server thread/WARN]: [AureliumSkills] messages_zh-CN.yml was changed: The speed mine description message was reset to default for the haste_level option
[09:47:04] [Server thread/INFO]: [AureliumSkills] messages_zh-CN.yml was updated to a new file version, 4 new keys were added.
[09:47:04] [Server thread/WARN]: [AureliumSkills] messages_ru.yml was changed: The speed mine description message was reset to default for the haste_level option
[09:47:04] [Server thread/INFO]: [AureliumSkills] messages_ru.yml was updated to a new file version, 4 new keys were added.
[09:47:04] [Server thread/INFO]: [AureliumSkills] Loaded 12 languages in 1146ms
[09:47:04] [Server thread/INFO]: [AureliumSkills] Loaded 30 pattern rewards and 0 level rewards
[09:47:04] [Server thread/INFO]: [AureliumSkills] Loaded 3 menus, 9 items, and 5 templates in 27 ms
[09:47:05] [Server thread/INFO]: [AureliumSkills] Loaded 78 Ability Options in 4ms
[09:47:05] [Server thread/INFO]: [AureliumSkills] Loaded 32 loot entries in 4 pools and 2 tables
[09:47:05] [Server thread/INFO]: [AureliumSkills] Loaded 3 blocked worlds.
[09:47:05] [Server thread/INFO]: [AureliumSkills] Aurelium Skills has been enabled
[09:47:05] [Server thread/INFO]: [PEconomy] Enabling PEconomy v2.4.0
[09:47:05] [Server thread/INFO]: [PEconomy] Currency 'dollars' will be used for Vault economy.
[09:47:05] [Server thread/INFO]: [PEconomy] Loaded 2 currencies.
[09:47:05] [Server thread/INFO]: [PEconomy] PlaceholdersAPI isn't installed, ignoring it...
[09:47:05] [Server thread/INFO]: [PEconomy] Registered as Vault economy provider!
[09:47:05] [Server thread/INFO]: [PEconomy] Yep, I am ready!
[09:47:05] [Server thread/INFO]: [CrazyAuctions] Enabling CrazyAuctions v1.2.16-RELEASE
[09:47:05] [Server thread/INFO]: [CrazyAuctions] Loading the config.yml
[09:47:05] [Server thread/INFO]: [CrazyAuctions] Successfully loaded config.yml
[09:47:05] [Server thread/INFO]: [CrazyAuctions] Loading the Data.yml
[09:47:05] [Server thread/INFO]: [CrazyAuctions] Successfully loaded Data.yml
[09:47:05] [Server thread/INFO]: [CrazyAuctions] Loading the Messages.yml
[09:47:05] [Server thread/INFO]: [CrazyAuctions] Successfully loaded Messages.yml
[09:47:05] [Server thread/INFO]: [CrazyAuctions] Loading the Test-File.yml
[09:47:05] [Server thread/INFO]: [CrazyAuctions] Successfully loaded Test-File.yml
[09:47:05] [Server thread/INFO]: [TimeIsMoney] Enabling TimeIsMoney v1.9.6.20
[09:47:05] [Server thread/INFO]: [TimeIsMoney] Loaded 1 Payouts!
[09:47:05] [Server thread/INFO]: Time is Money v1.9.6.20 started.
[09:47:05] [Server thread/INFO]: Running delayed init tasks
[09:47:05] [Craft Scheduler Thread - 13/INFO]: [Vault] Checking for Updates ... 
[09:47:05] [Server thread/INFO]: [ViaVersion] ViaVersion detected server version: 1.16.4/5 (754)
[09:47:05] [Server thread/WARN]: [ViaVersion] You are running an outdated Java version, please consider updating it to at least Java 16 (your version is 11). At some point in the future, ViaVersion will no longer be compatible with this version of Java.
[09:47:05] [Craft Scheduler Thread - 13/INFO]: [Vault] No new version available
[09:47:05] [Server thread/INFO]: [ViaVersion] Finished mapping loading, shutting down loader executor!
[09:47:05] [Server thread/INFO]: Done (16.275s)! For help, type "help"
[09:47:05] [Server thread/WARN]: [io.papermc.paper.util.PaperJvmChecker] ************************************************************
[09:47:05] [Server thread/WARN]: [io.papermc.paper.util.PaperJvmChecker] * WARNING - YOU ARE RUNNING AN OUTDATED VERSION OF JAVA.
[09:47:05] [Server thread/WARN]: [io.papermc.paper.util.PaperJvmChecker] * PAPER WILL STOP BEING COMPATIBLE WITH THIS VERSION OF
[09:47:05] [Server thread/WARN]: [io.papermc.paper.util.PaperJvmChecker] * JAVA WHEN MINECRAFT 1.17 IS RELEASED.
[09:47:05] [Server thread/WARN]: [io.papermc.paper.util.PaperJvmChecker] *
[09:47:05] [Server thread/WARN]: [io.papermc.paper.util.PaperJvmChecker] * Please update the version of Java you use to run Paper
[09:47:05] [Server thread/WARN]: [io.papermc.paper.util.PaperJvmChecker] * to at least Java 16. When Paper for Minecraft 1.17 is
[09:47:05] [Server thread/WARN]: [io.papermc.paper.util.PaperJvmChecker] * released support for versions of Java before 16 will
[09:47:05] [Server thread/WARN]: [io.papermc.paper.util.PaperJvmChecker] * be dropped.
[09:47:05] [Server thread/WARN]: [io.papermc.paper.util.PaperJvmChecker] *
[09:47:05] [Server thread/WARN]: [io.papermc.paper.util.PaperJvmChecker] * Current Java version: 11
[09:47:05] [Server thread/WARN]: [io.papermc.paper.util.PaperJvmChecker] *
[09:47:05] [Server thread/WARN]: [io.papermc.paper.util.PaperJvmChecker] * Check this forum post for more information: 
[09:47:05] [Server thread/WARN]: [io.papermc.paper.util.PaperJvmChecker] *   https://papermc.io/java16
[09:47:05] [Server thread/WARN]: [io.papermc.paper.util.PaperJvmChecker] ************************************************************
[09:47:05] [Server thread/INFO]: Timings Reset
[09:47:05] [Craft Scheduler Thread - 3/INFO]: [SkinsRestorer] ----------------------------------------------
[09:47:05] [Craft Scheduler Thread - 3/INFO]: [SkinsRestorer]     +==================+
[09:47:05] [Craft Scheduler Thread - 3/INFO]: [SkinsRestorer]     |   SkinsRestorer  |
[09:47:05] [Craft Scheduler Thread - 3/INFO]: [SkinsRestorer]     |------------------|
[09:47:05] [Craft Scheduler Thread - 3/INFO]: [SkinsRestorer]     |  Standalone Mode |
[09:47:05] [Craft Scheduler Thread - 3/INFO]: [SkinsRestorer]     +==================+
[09:47:05] [Craft Scheduler Thread - 3/INFO]: [SkinsRestorer] ----------------------------------------------
[09:47:05] [Craft Scheduler Thread - 3/INFO]: [SkinsRestorer]     Current version: 14.1.5
[09:47:05] [Craft Scheduler Thread - 3/INFO]: [SkinsRestorer]     This is the latest version!
[09:47:05] [Craft Scheduler Thread - 3/INFO]: [SkinsRestorer] ----------------------------------------------
[09:47:05] [Craft Scheduler Thread - 8/INFO]: [NBTAPI] [NBTAPI] Found Spigot: v1_16_R3! Trying to find NMS support
[09:47:05] [Craft Scheduler Thread - 8/INFO]: [NBTAPI] [NBTAPI] NMS support 'MC1_16_R3' loaded!
[09:47:05] [Craft Scheduler Thread - 8/INFO]: [NBTAPI] [NBTAPI] Found Gson: class com.google.gson.Gson
[09:47:05] [Craft Scheduler Thread - 4/INFO]: [ReviveMe] There is not a new update available.
[09:47:22] [Server thread/INFO]: Stopping the server
[09:47:22] [Server thread/INFO]: Stopping server
[09:47:22] [Server thread/INFO]: [TimeIsMoney] Disabling TimeIsMoney v1.9.6.20
[09:47:22] [Server thread/INFO]: [CrazyAuctions] Disabling CrazyAuctions v1.2.16-RELEASE
[09:47:22] [Server thread/INFO]: [PEconomy] Disabling PEconomy v2.4.0
[09:47:22] [Server thread/INFO]: [AureliumSkills] Disabling AureliumSkills vBeta 1.2.3
[09:47:22] [Server thread/INFO]: [Vault] Disabling Vault v1.7.3-b131
[09:47:22] [Server thread/INFO]: [LoginSecurity] Disabling LoginSecurity v3.1
[09:47:22] [Server thread/INFO]: [LoginSecurity] Waiting for queued tasks...
[09:47:22] [Server thread/INFO]: [LoginSecurity] ExecutorService shut down, ready to disable.
[09:47:22] [Server thread/INFO]: [LevelledMobs] Disabling LevelledMobs v3.1.7 b508
[09:47:22] [Server thread/INFO]: LevelledMobs: ~ Initiating shut-down procedure ~
[09:47:22] [Server thread/INFO]: LevelledMobs: Tasks: Stopping async nametag auto update task...
[09:47:22] [Server thread/INFO]: LevelledMobs: Tasks: Shutting down other async tasks...
[09:47:22] [Server thread/INFO]: LevelledMobs: ~ Shut-down complete, took 1ms ~
[09:47:22] [Server thread/INFO]: [LuckPerms] Disabling LuckPerms v5.3.47
[09:47:22] [Server thread/INFO]: [LuckPerms] Starting shutdown process...
[09:47:22] [Server thread/INFO]: [LuckPerms] Closing storage...
[09:47:22] [Craft Scheduler Thread - 5/INFO]: LevelledMobs: Mob processing queue Manager has exited
[09:47:22] [Craft Scheduler Thread - 6/INFO]: LevelledMobs: Nametag update queue Manager has exited
[09:47:22] [Server thread/INFO]: [LuckPerms] Goodbye!
[09:47:22] [Server thread/INFO]: [ProtocolLib] Disabling ProtocolLib v4.7.0
[09:47:22] [Server thread/INFO]: [ReviveMe] Disabling ReviveMe v0.3.6
[09:47:22] [Server thread/INFO]: ReviveMe disable
[09:47:22] [Server thread/INFO]: [UltimateHomes] Disabling UltimateHomes v2.3
[09:47:22] [Server thread/INFO]: [ViaVersion] Disabling ViaVersion v4.0.1
[09:47:22] [Server thread/INFO]: [ViaVersion] ViaVersion is disabling, if this is a reload and you experience issues consider rebooting.
[09:47:22] [Server thread/INFO]: [ClearLag] Disabling ClearLag v3.2.2
[09:47:22] [Server thread/INFO]: [ClearLag] Clearlag is now disabled!
[09:47:22] [Server thread/INFO]: [SKLibrary] Disabling SKLibrary v1.13.8
[09:47:22] [Server thread/INFO]: [Minepacks] Disabling Minepacks v2.4.2-Release
[09:47:23] [Server thread/INFO]: [at.pcgamingfreaks.MinepacksStandalone.libs.com.zaxxer.hikari.HikariDataSource] Minepacks-Connection-Pool - Shutdown initiated...
[09:47:23] [Server thread/INFO]: [at.pcgamingfreaks.MinepacksStandalone.libs.com.zaxxer.hikari.HikariDataSource] Minepacks-Connection-Pool - Shutdown completed.
[09:47:23] [Server thread/INFO]: [Minepacks] [31m Minepacks has been disabled. [33m :( [0m
[09:47:23] [Server thread/INFO]: [SkinsRestorer] Disabling SkinsRestorer v14.1.5
[09:47:23] [Server thread/INFO]: [SpigotPing] Disabling SpigotPing v2.6
[09:47:23] [Server thread/INFO]: [SpigotPing] Cancelling tasks...
[09:47:23] [Server thread/INFO]: [SimpleTpa] Disabling SimpleTpa v5.5
[09:47:23] [Server thread/INFO]: [SimpleTpa] If you need support contact me at https://discord.gg/SZUkza9
[09:47:23] [Server thread/INFO]: [SimpleTpa] Simple Tpa has been disabled on version 5.5
[09:47:23] [Server thread/INFO]: Saving players
[09:47:23] [Server thread/INFO]: Saving worlds
[09:47:23] [Server thread/INFO]: Saving chunks for level 'ServerLevel[world]'/minecraft:overworld
[09:47:24] [Server thread/INFO]: ThreadedAnvilChunkStorage (world): All chunks are saved
[09:47:24] [Server thread/INFO]: Saving chunks for level 'ServerLevel[world_nether]'/minecraft:the_nether
[09:47:25] [Server thread/INFO]: ThreadedAnvilChunkStorage (DIM-1): All chunks are saved
[09:47:25] [Server thread/INFO]: Saving chunks for level 'ServerLevel[world_the_end]'/minecraft:the_end
[09:47:25] [Server thread/INFO]: ThreadedAnvilChunkStorage (DIM1): All chunks are saved
[09:47:25] [Server thread/INFO]: ThreadedAnvilChunkStorage (world): All chunks are saved
[09:47:26] [Server thread/INFO]: ThreadedAnvilChunkStorage (DIM-1): All chunks are saved
[09:47:26] [Server thread/INFO]: ThreadedAnvilChunkStorage (DIM1): All chunks are saved
[09:47:26] [Server thread/INFO]: Saving usercache.json
[09:47:26] [Server thread/INFO]: Flushing Chunk IO
[09:47:26] [Server thread/INFO]: Closing Thread Pool
[09:47:26] [Server thread/INFO]: Closing Server
